2023-10-08 18:02:19 INFO Running runs: []
2023-10-08 18:02:19 INFO Agent received command: run
2023-10-08 18:02:19 INFO Agent starting run with config:
	architecture: CNN
	dataset: CIFAR-100
	epochs: 5
	learning_rate: 0.019069977178955193
2023-10-08 18:02:19 INFO About to run command: /usr/bin/env python train.py --architecture=CNN --dataset=CIFAR-100 --epochs=5 --learning_rate=0.019069977178955193
2023-10-08 18:02:24 INFO Running runs: ['v5oupyhe']
2023-10-08 18:02:29 INFO Cleaning up finished run: v5oupyhe
2023-10-08 18:02:34 INFO Agent received command: run
2023-10-08 18:02:34 INFO Agent starting run with config:
	architecture: CNN
	dataset: CIFAR-100
	epochs: 9
	learning_rate: 0.01953047816343584
2023-10-08 18:02:34 INFO About to run command: /usr/bin/env python train.py --architecture=CNN --dataset=CIFAR-100 --epochs=9 --learning_rate=0.01953047816343584
2023-10-08 18:02:39 INFO Running runs: ['syjx7w9v']
2023-10-08 18:02:49 INFO Cleaning up finished run: syjx7w9v
2023-10-08 18:02:49 INFO Agent received command: run
2023-10-08 18:02:49 INFO Agent starting run with config:
	architecture: CNN
	dataset: CIFAR-100
	epochs: 15
	learning_rate: 0.012180042956827728
2023-10-08 18:02:49 INFO About to run command: /usr/bin/env python train.py --architecture=CNN --dataset=CIFAR-100 --epochs=15 --learning_rate=0.012180042956827728
2023-10-08 18:02:54 INFO Running runs: ['tyo6ms65']
2023-10-08 18:16:39 ERROR 400 response executing GraphQL.
2023-10-08 18:16:39 ERROR {"errors":[{"message":"name required for project query","path":["project"]}],"data":{"project":null}}
2023-10-08 18:16:39 ERROR Traceback (most recent call last):
  File "/home/abhi/anaconda3/envs/cv/lib/python3.9/site-packages/wandb/apis/normalize.py", line 41, in wrapper
    return func(*args, **kwargs)
  File "/home/abhi/anaconda3/envs/cv/lib/python3.9/site-packages/wandb/sdk/internal/internal_api.py", line 1001, in sweep
    response = self.gql(
  File "/home/abhi/anaconda3/envs/cv/lib/python3.9/site-packages/wandb/sdk/internal/internal_api.py", line 338, in gql
    ret = self._retry_gql(
  File "/home/abhi/anaconda3/envs/cv/lib/python3.9/site-packages/wandb/sdk/lib/retry.py", line 131, in __call__
    result = self._call_fn(*args, **kwargs)
  File "/home/abhi/anaconda3/envs/cv/lib/python3.9/site-packages/wandb/sdk/internal/internal_api.py", line 366, in execute
    return self.client.execute(*args, **kwargs)  # type: ignore
  File "/home/abhi/anaconda3/envs/cv/lib/python3.9/site-packages/wandb/vendor/gql-0.2.0/wandb_gql/client.py", line 52, in execute
    result = self._get_result(document, *args, **kwargs)
  File "/home/abhi/anaconda3/envs/cv/lib/python3.9/site-packages/wandb/vendor/gql-0.2.0/wandb_gql/client.py", line 60, in _get_result
    return self.transport.execute(document, *args, **kwargs)
  File "/home/abhi/anaconda3/envs/cv/lib/python3.9/site-packages/wandb/sdk/lib/gql_request.py", line 59, in execute
    request.raise_for_status()
  File "/home/abhi/anaconda3/envs/cv/lib/python3.9/site-packages/requests/models.py", line 953, in raise_for_status
    raise HTTPError(http_error_msg, response=self)
requests.exceptions.HTTPError: 400 Client Error: Bad Request for url: https://api.wandb.ai/graphql

During handling of the above exception, another exception occurred:

Traceback (most recent call last):
  File "/home/abhi/anaconda3/envs/cv/lib/python3.9/site-packages/wandb/cli/cli.py", line 102, in wrapper
    return func(*args, **kwargs)
  File "/home/abhi/anaconda3/envs/cv/lib/python3.9/site-packages/wandb/cli/cli.py", line 1496, in agent
    wandb_agent.agent(sweep_id, entity=entity, project=project, count=count)
  File "/home/abhi/anaconda3/envs/cv/lib/python3.9/site-packages/wandb/wandb_agent.py", line 583, in agent
    return run_agent(
  File "/home/abhi/anaconda3/envs/cv/lib/python3.9/site-packages/wandb/wandb_agent.py", line 528, in run_agent
    agent.run()
  File "/home/abhi/anaconda3/envs/cv/lib/python3.9/site-packages/wandb/wandb_agent.py", line 190, in run
    sweep_obj = self._api.sweep(self._sweep_id, "{}")
  File "/home/abhi/anaconda3/envs/cv/lib/python3.9/site-packages/wandb/apis/internal.py", line 126, in sweep
    return self.api.sweep(*args, **kwargs)
  File "/home/abhi/anaconda3/envs/cv/lib/python3.9/site-packages/wandb/apis/normalize.py", line 51, in wrapper
    raise CommError(message, error)
wandb.errors.CommError: name required for project query (Error 400: Bad Request)

2023-10-08 18:17:19 INFO Running runs: []
2023-10-08 18:17:19 INFO Agent received command: run
2023-10-08 18:17:19 INFO Agent starting run with config:
	batch_size: 32
	learning_rate: 0.1
	num_epochs: 10
	optimizer: SGD
2023-10-08 18:17:19 INFO About to run command: /usr/bin/env python  --batch_size=32 --learning_rate=0.1 --num_epochs=10 --optimizer=SGD
2023-10-08 18:17:24 INFO Running runs: ['9ki3re6o']
2023-10-08 18:17:24 INFO Cleaning up finished run: 9ki3re6o
2023-10-08 18:17:25 INFO Agent received command: run
2023-10-08 18:17:25 INFO Agent starting run with config:
	batch_size: 64
	learning_rate: 0.001
	num_epochs: 10
	optimizer: SGD
2023-10-08 18:17:25 INFO About to run command: /usr/bin/env python  --batch_size=64 --learning_rate=0.001 --num_epochs=10 --optimizer=SGD
2023-10-08 18:17:30 INFO Running runs: ['vj66e3h9']
2023-10-08 18:17:30 INFO Cleaning up finished run: vj66e3h9
2023-10-08 18:17:30 INFO Agent received command: run
2023-10-08 18:17:30 INFO Agent starting run with config:
	batch_size: 16
	learning_rate: 0.001
	num_epochs: 10
	optimizer: SGD
2023-10-08 18:17:30 INFO About to run command: /usr/bin/env python  --batch_size=16 --learning_rate=0.001 --num_epochs=10 --optimizer=SGD
2023-10-08 18:17:35 INFO Running runs: ['2kzh15wb']
2023-10-08 18:17:35 ERROR Detected 3 failed runs in the first 60 seconds, shutting down.
2023-10-08 18:17:35 INFO To disable this check set WANDB_AGENT_DISABLE_FLAPPING=true
2023-10-08 18:19:55 INFO Running runs: []
2023-10-08 18:19:55 INFO Agent received command: run
2023-10-08 18:19:55 INFO Agent starting run with config:
	batch_size: 32
	learning_rate: 0.001
	num_epochs: 5
	optimizer: Adam
2023-10-08 18:19:55 INFO About to run command: /usr/bin/env python  --batch_size=32 --learning_rate=0.001 --num_epochs=5 --optimizer=Adam
2023-10-08 18:20:00 INFO Running runs: ['s8uudvuq']
2023-10-08 18:20:00 INFO Cleaning up finished run: s8uudvuq
2023-10-08 18:20:01 INFO Agent received command: run
2023-10-08 18:20:01 INFO Agent starting run with config:
	batch_size: 16
	learning_rate: 0.001
	num_epochs: 10
	optimizer: SGD
2023-10-08 18:20:01 INFO About to run command: /usr/bin/env python  --batch_size=16 --learning_rate=0.001 --num_epochs=10 --optimizer=SGD
2023-10-08 18:20:06 INFO Running runs: ['ngz7w0y0']
2023-10-08 18:20:06 INFO Cleaning up finished run: ngz7w0y0
2023-10-08 18:20:06 INFO Agent received command: run
2023-10-08 18:20:06 INFO Agent starting run with config:
	batch_size: 32
	learning_rate: 0.001
	num_epochs: 15
	optimizer: SGD
2023-10-08 18:20:06 INFO About to run command: /usr/bin/env python  --batch_size=32 --learning_rate=0.001 --num_epochs=15 --optimizer=SGD
2023-10-08 18:20:11 INFO Running runs: ['c5ydt3x4']
2023-10-08 18:20:11 ERROR Detected 3 failed runs in the first 60 seconds, shutting down.
2023-10-08 18:20:11 INFO To disable this check set WANDB_AGENT_DISABLE_FLAPPING=true
2023-10-08 18:22:08 INFO Running runs: []
2023-10-08 18:22:08 INFO Agent received command: run
2023-10-08 18:22:08 INFO Agent starting run with config:
	batch_size: 16
	learning_rate: 0.01
	num_epochs: 10
	optimizer: Adam
2023-10-08 18:22:08 INFO About to run command: /usr/bin/env python  --batch_size=16 --learning_rate=0.01 --num_epochs=10 --optimizer=Adam
2023-10-08 18:22:13 INFO Running runs: ['lqm54pbe']
2023-10-08 18:22:13 INFO Cleaning up finished run: lqm54pbe
2023-10-08 18:22:13 INFO Agent received command: run
2023-10-08 18:22:13 INFO Agent starting run with config:
	batch_size: 64
	learning_rate: 0.1
	num_epochs: 15
	optimizer: SGD
2023-10-08 18:22:13 INFO About to run command: /usr/bin/env python  --batch_size=64 --learning_rate=0.1 --num_epochs=15 --optimizer=SGD
2023-10-08 18:22:18 INFO Running runs: ['8nr853jm']
2023-10-08 18:22:18 INFO Cleaning up finished run: 8nr853jm
2023-10-08 18:22:19 INFO Agent received command: run
2023-10-08 18:22:19 INFO Agent starting run with config:
	batch_size: 64
	learning_rate: 0.001
	num_epochs: 15
	optimizer: SGD
2023-10-08 18:22:19 INFO About to run command: /usr/bin/env python  --batch_size=64 --learning_rate=0.001 --num_epochs=15 --optimizer=SGD
2023-10-08 18:22:24 INFO Running runs: ['lxfixykf']
2023-10-08 18:22:24 ERROR Detected 3 failed runs in the first 60 seconds, shutting down.
2023-10-08 18:22:24 INFO To disable this check set WANDB_AGENT_DISABLE_FLAPPING=true
2023-10-08 18:23:37 INFO Running runs: []
2023-10-08 18:23:37 INFO Agent received command: run
2023-10-08 18:23:37 INFO Agent starting run with config:
	batch_size: 32
	learning_rate: 0.1
	num_epochs: 5
	optimizer: Adam
2023-10-08 18:23:37 INFO About to run command: /usr/bin/env python train.py --batch_size=32 --learning_rate=0.1 --num_epochs=5 --optimizer=Adam
2023-10-08 18:23:42 INFO Running runs: ['h7xhcpmj']
2023-10-08 18:23:42 INFO Cleaning up finished run: h7xhcpmj
2023-10-08 18:23:43 INFO Agent received command: run
2023-10-08 18:23:43 INFO Agent starting run with config:
	batch_size: 16
	learning_rate: 0.01
	num_epochs: 15
	optimizer: Adam
2023-10-08 18:23:43 INFO About to run command: /usr/bin/env python train.py --batch_size=16 --learning_rate=0.01 --num_epochs=15 --optimizer=Adam
2023-10-08 18:23:48 INFO Running runs: ['nsmnlz9q']
2023-10-08 18:23:48 INFO Cleaning up finished run: nsmnlz9q
2023-10-08 18:23:48 INFO Agent received command: run
2023-10-08 18:23:48 INFO Agent starting run with config:
	batch_size: 16
	learning_rate: 0.1
	num_epochs: 15
	optimizer: SGD
2023-10-08 18:23:48 INFO About to run command: /usr/bin/env python train.py --batch_size=16 --learning_rate=0.1 --num_epochs=15 --optimizer=SGD
2023-10-08 18:23:53 INFO Running runs: ['d9884lof']
2023-10-08 18:23:53 ERROR Detected 3 failed runs in the first 60 seconds, shutting down.
2023-10-08 18:23:53 INFO To disable this check set WANDB_AGENT_DISABLE_FLAPPING=true
2023-10-08 18:27:41 INFO Running runs: []
2023-10-08 18:27:41 INFO Agent received command: run
2023-10-08 18:27:41 INFO Agent starting run with config:
	batch_size: 32
	learning_rate: 0.01
	num_epochs: 15
	optimizer: Adam
2023-10-08 18:27:41 INFO About to run command: /usr/bin/env python train.py --batch_size=32 --learning_rate=0.01 --num_epochs=15 --optimizer=Adam
2023-10-08 18:27:46 INFO Running runs: ['3ia3etzv']
2023-10-08 18:27:51 INFO Cleaning up finished run: 3ia3etzv
2023-10-08 18:27:56 INFO Agent received command: run
2023-10-08 18:27:56 INFO Agent starting run with config:
	batch_size: 16
	learning_rate: 0.01
	num_epochs: 5
	optimizer: Adam
2023-10-08 18:27:56 INFO About to run command: /usr/bin/env python train.py --batch_size=16 --learning_rate=0.01 --num_epochs=5 --optimizer=Adam
2023-10-08 18:28:01 INFO Running runs: ['s1xirmvz']
2023-10-08 18:28:38 INFO Running runs: []
2023-10-08 18:28:39 INFO Agent received command: run
2023-10-08 18:28:39 INFO Agent starting run with config:
	batch_size: 32
	learning_rate: 0.001
	num_epochs: 15
	optimizer: SGD
2023-10-08 18:28:39 INFO About to run command: /usr/bin/env python  --batch_size=32 --learning_rate=0.001 --num_epochs=15 --optimizer=SGD
2023-10-08 18:28:44 INFO Running runs: ['b3js2o8c']
2023-10-08 18:28:44 INFO Cleaning up finished run: b3js2o8c
2023-10-08 18:28:44 INFO Agent received command: run
2023-10-08 18:28:44 INFO Agent starting run with config:
	batch_size: 64
	learning_rate: 0.01
	num_epochs: 10
	optimizer: SGD
2023-10-08 18:28:44 INFO About to run command: /usr/bin/env python  --batch_size=64 --learning_rate=0.01 --num_epochs=10 --optimizer=SGD
2023-10-08 18:28:49 INFO Running runs: ['trzh1hyd']
2023-10-08 18:28:49 INFO Cleaning up finished run: trzh1hyd
2023-10-08 18:28:49 INFO Agent received command: run
2023-10-08 18:28:49 INFO Agent starting run with config:
	batch_size: 32
	learning_rate: 0.01
	num_epochs: 15
	optimizer: Adam
2023-10-08 18:28:49 INFO About to run command: /usr/bin/env python  --batch_size=32 --learning_rate=0.01 --num_epochs=15 --optimizer=Adam
2023-10-08 18:28:54 INFO Running runs: ['8utac7a3']
2023-10-08 18:28:54 ERROR Detected 3 failed runs in the first 60 seconds, shutting down.
2023-10-08 18:28:54 INFO To disable this check set WANDB_AGENT_DISABLE_FLAPPING=true
2023-10-08 18:30:04 INFO Running runs: []
2023-10-08 18:30:04 INFO Agent received command: run
2023-10-08 18:30:04 INFO Agent starting run with config:
	batch_size: 1
	learning_rate: 0.1
	num_epochs: 5
	optimizer: Adam
2023-10-08 18:30:04 INFO About to run command: /usr/bin/env python train.py --batch_size=1 --learning_rate=0.1 --num_epochs=5 --optimizer=Adam
2023-10-08 18:30:09 INFO Running runs: ['66llilpb']
